<?xml version="1.0" encoding="UTF-8"?>
<!-- Generated by org.testng.reporters.JUnitReportReporter -->
<testsuite hostname="XIPL0448" failures="0" tests="1" name="com.xpan.gnd.full.testsuites.development.ParallelClass1" time="30.886" errors="0" timestamp="16 May 2018 10:29:23 GMT" skipped="0">
  <testcase classname="com.xpan.gnd.full.testsuites.development.ParallelClass1" name="parallelClass1TestResultMustEqualPass" time="30.886"/>
</testsuite> <!-- com.xpan.gnd.full.testsuites.development.ParallelClass1 -->
