<?xml version="1.0" encoding="UTF-8"?>
<!-- Generated by org.testng.reporters.JUnitReportReporter -->
<testsuite hostname="XIPL0448" failures="0" tests="3" name="com.xpan.gnd.full.testsuites.development.Login" time="19.755" errors="0" timestamp="25 May 2018 12:24:39 GMT" skipped="0">
  <testcase classname="com.xpan.gnd.full.testsuites.development.Login" name="LoginScreen_ApplicationUrl" time="5.788"/>
  <testcase classname="com.xpan.gnd.full.testsuites.development.Login" name="LoginScreen_ApplicationUrl" time="6.094"/>
  <testcase classname="com.xpan.gnd.full.testsuites.development.Login" name="LoginScreen_ApplicationUrl" time="7.873"/>
</testsuite> <!-- com.xpan.gnd.full.testsuites.development.Login -->
