<?xml version="1.0" encoding="UTF-8"?>
<!-- Generated by org.testng.reporters.JUnitReportReporter -->
<testsuite hostname="XIPL0448" failures="0" tests="1" name="com.xpan.gnd.full.testsuites.ParallelClass1" time="43.848" errors="0" timestamp="09 May 2018 09:47:43 GMT" skipped="0">
  <testcase classname="com.xpan.gnd.full.testsuites.ParallelClass1" name="parallelClass1TestResultMustEqualPass" time="43.848"/>
</testsuite> <!-- com.xpan.gnd.full.testsuites.ParallelClass1 -->
