<?xml version="1.0" encoding="UTF-8"?>
<!-- Generated by org.testng.reporters.JUnitReportReporter -->
<testsuite hostname="XIPL0448" failures="0" tests="4" name="com.xpan.gnd.full.testsuites.TestClass" time="79.556" errors="0" timestamp="09 May 2018 06:26:24 GMT" skipped="0">
  <testcase classname="com.xpan.gnd.full.testsuites.TestClass" name="login" time="21.399"/>
  <testcase classname="com.xpan.gnd.full.testsuites.TestClass" name="login" time="20.487"/>
  <testcase classname="com.xpan.gnd.full.testsuites.TestClass" name="login2" time="20.645"/>
  <testcase classname="com.xpan.gnd.full.testsuites.TestClass" name="login2" time="17.025"/>
</testsuite> <!-- com.xpan.gnd.full.testsuites.TestClass -->
