<?xml version="1.0" encoding="UTF-8"?>
<!-- Generated by org.testng.reporters.JUnitReportReporter -->
<testsuite hostname="XIPL0448" failures="0" tests="81" name="com.gi.de.full.testsuites.development.ProductionOrder" time="14.659" errors="3" timestamp="25 May 2018 12:59:11 GMT" skipped="78">
  <testcase classname="com.gi.de.full.testsuites.development.ProductionOrder" name="productionOrderRedirectScreen_Redirect_contents" time="3.146">
    <skipped/>
  </testcase> <!-- productionOrderRedirectScreen_Redirect_contents -->
  <testcase classname="com.gi.de.full.testsuites.development.ProductionOrder" name="productionOrderList_Screen_Filterapply" time="0.000">
    <skipped/>
  </testcase> <!-- productionOrderList_Screen_Filterapply -->
  <testcase classname="com.gi.de.full.testsuites.development.ProductionOrder" name="productionOrderList_Screen_Sales_Order_ID_link" time="5.155">
    <skipped/>
  </testcase> <!-- productionOrderList_Screen_Sales_Order_ID_link -->
  <testcase classname="com.gi.de.full.testsuites.development.ProductionOrder" name="productionOrderList_Screen_Pagination" time="6.358">
    <skipped/>
  </testcase> <!-- productionOrderList_Screen_Pagination -->
  <testcase classname="com.gi.de.full.testsuites.development.ProductionOrder" name="production_OrderList_Screen_TagChip" time="0.000">
    <skipped/>
  </testcase> <!-- production_OrderList_Screen_TagChip -->
  <testcase classname="com.gi.de.full.testsuites.development.ProductionOrder" name="productionOrderRedirectScreen_Different_Client_Manager" time="0.000">
    <skipped/>
  </testcase> <!-- productionOrderRedirectScreen_Different_Client_Manager -->
  <testcase classname="com.gi.de.full.testsuites.development.ProductionOrder" name="productionOrderList_Screen_Filterpanel" time="0.000">
    <skipped/>
  </testcase> <!-- productionOrderList_Screen_Filterpanel -->
  <testcase classname="com.gi.de.full.testsuites.development.ProductionOrder" name="productionOrderList_Screen_FilterDate_fields_ValidationMin" time="0.000">
    <skipped/>
  </testcase> <!-- productionOrderList_Screen_FilterDate_fields_ValidationMin -->
  <testcase classname="com.gi.de.full.testsuites.development.ProductionOrder" name="productionOrderList_Screen_FilterDate_fields_Both" time="0.000">
    <skipped/>
  </testcase> <!-- productionOrderList_Screen_FilterDate_fields_Both -->
  <testcase classname="com.gi.de.full.testsuites.development.ProductionOrder" name="productionOrderRedirectScreen_SO_Removal" time="0.000">
    <skipped/>
  </testcase> <!-- productionOrderRedirectScreen_SO_Removal -->
  <testcase classname="com.gi.de.full.testsuites.development.ProductionOrder" name="productionOrderRedirectScreen_Redirect_contents" time="0.000">
    <skipped/>
  </testcase> <!-- productionOrderRedirectScreen_Redirect_contents -->
  <testcase classname="com.gi.de.full.testsuites.development.ProductionOrder" name="productionOrderList_Screen_Filterapply" time="0.000">
    <skipped/>
  </testcase> <!-- productionOrderList_Screen_Filterapply -->
  <testcase classname="com.gi.de.full.testsuites.development.ProductionOrder" name="productionOrderList_Screen_FilterClear" time="0.000">
    <skipped/>
  </testcase> <!-- productionOrderList_Screen_FilterClear -->
  <testcase classname="com.gi.de.full.testsuites.development.ProductionOrder" name="ProductionOrderRedirectScreen_SOselection_forRedirect" time="0.000">
    <skipped/>
  </testcase> <!-- ProductionOrderRedirectScreen_SOselection_forRedirect -->
  <testcase classname="com.gi.de.full.testsuites.development.ProductionOrder" name="productionOrderList_Screen_Action_buttons_Disabled" time="0.000">
    <skipped/>
  </testcase> <!-- productionOrderList_Screen_Action_buttons_Disabled -->
  <testcase classname="com.gi.de.full.testsuites.development.ProductionOrder" name="productionOrderRedirectScreen_SelctionPOdetail" time="0.000">
    <skipped/>
  </testcase> <!-- productionOrderRedirectScreen_SelctionPOdetail -->
  <testcase classname="com.gi.de.full.testsuites.development.ProductionOrder" name="productionOrderList_Screen_FilterDate_fields_To" time="0.000">
    <skipped/>
  </testcase> <!-- productionOrderList_Screen_FilterDate_fields_To -->
  <testcase classname="com.gi.de.full.testsuites.development.ProductionOrder" name="production_OrderList_Screen_TagChip" time="0.000">
    <skipped/>
  </testcase> <!-- production_OrderList_Screen_TagChip -->
  <testcase classname="com.gi.de.full.testsuites.development.ProductionOrder" name="productionOrderList_Screen_Contents_display" time="0.000">
    <skipped/>
  </testcase> <!-- productionOrderList_Screen_Contents_display -->
  <testcase classname="com.gi.de.full.testsuites.development.ProductionOrder" name="productionOrderList_Screen_FilterDate_fields_To" time="0.000">
    <skipped/>
  </testcase> <!-- productionOrderList_Screen_FilterDate_fields_To -->
  <testcase classname="com.gi.de.full.testsuites.development.ProductionOrder" name="productionOrderList_Screen_Action_buttons_Enabled" time="0.000">
    <skipped/>
  </testcase> <!-- productionOrderList_Screen_Action_buttons_Enabled -->
  <testcase classname="com.gi.de.full.testsuites.development.ProductionOrder" name="startTest" time="0.000">
    <error type="java.lang.NullPointerException">
      <![CDATA[java.lang.NullPointerException
at com.gi.de.base.BaseTestCase.startTest(BaseTestCase.java:82)
at java.base/jdk.internal.reflect.NativeMethodAccessorImpl.invoke0(Native Method)
at java.base/jdk.internal.reflect.NativeMethodAccessorImpl.invoke(NativeMethodAccessorImpl.java:62)
at java.base/jdk.internal.reflect.DelegatingMethodAccessorImpl.invoke(DelegatingMethodAccessorImpl.java:43)
at java.base/java.lang.reflect.Method.invoke(Method.java:564)
at org.testng.internal.MethodInvocationHelper.invokeMethod(MethodInvocationHelper.java:124)
at org.testng.internal.MethodInvocationHelper.invokeMethodConsideringTimeout(MethodInvocationHelper.java:59)
at org.testng.internal.Invoker.invokeConfigurationMethod(Invoker.java:458)
at org.testng.internal.Invoker.invokeConfigurations(Invoker.java:222)
at org.testng.internal.Invoker.invokeMethod(Invoker.java:523)
at org.testng.internal.Invoker.invokeTestMethod(Invoker.java:719)
at org.testng.internal.Invoker.invokeTestMethods(Invoker.java:989)
at org.testng.internal.TestMethodWorker.invokeTestMethods(TestMethodWorker.java:125)
at org.testng.internal.TestMethodWorker.run(TestMethodWorker.java:109)
at org.testng.TestRunner.privateRun(TestRunner.java:648)
at org.testng.TestRunner.run(TestRunner.java:505)
at org.testng.SuiteRunner.runTest(SuiteRunner.java:455)
at org.testng.SuiteRunner.access$000(SuiteRunner.java:40)
at org.testng.SuiteRunner$SuiteWorker.run(SuiteRunner.java:489)
at org.testng.internal.thread.ThreadUtil$1.call(ThreadUtil.java:52)
at java.base/java.util.concurrent.FutureTask.run(FutureTask.java:264)
at java.base/java.util.concurrent.ThreadPoolExecutor.runWorker(ThreadPoolExecutor.java:1135)
at java.base/java.util.concurrent.ThreadPoolExecutor$Worker.run(ThreadPoolExecutor.java:635)
at java.base/java.lang.Thread.run(Thread.java:844)
]]>
    </error>
  </testcase> <!-- startTest -->
  <testcase classname="com.gi.de.full.testsuites.development.ProductionOrder" name="startTest" time="0.000">
    <error type="java.lang.NullPointerException">
      <![CDATA[java.lang.NullPointerException
at com.gi.de.base.BaseTestCase.startTest(BaseTestCase.java:82)
at java.base/jdk.internal.reflect.NativeMethodAccessorImpl.invoke0(Native Method)
at java.base/jdk.internal.reflect.NativeMethodAccessorImpl.invoke(NativeMethodAccessorImpl.java:62)
at java.base/jdk.internal.reflect.DelegatingMethodAccessorImpl.invoke(DelegatingMethodAccessorImpl.java:43)
at java.base/java.lang.reflect.Method.invoke(Method.java:564)
at org.testng.internal.MethodInvocationHelper.invokeMethod(MethodInvocationHelper.java:124)
at org.testng.internal.MethodInvocationHelper.invokeMethodConsideringTimeout(MethodInvocationHelper.java:59)
at org.testng.internal.Invoker.invokeConfigurationMethod(Invoker.java:458)
at org.testng.internal.Invoker.invokeConfigurations(Invoker.java:222)
at org.testng.internal.Invoker.invokeMethod(Invoker.java:523)
at org.testng.internal.Invoker.invokeTestMethod(Invoker.java:719)
at org.testng.internal.Invoker.invokeTestMethods(Invoker.java:989)
at org.testng.internal.TestMethodWorker.invokeTestMethods(TestMethodWorker.java:125)
at org.testng.internal.TestMethodWorker.run(TestMethodWorker.java:109)
at org.testng.TestRunner.privateRun(TestRunner.java:648)
at org.testng.TestRunner.run(TestRunner.java:505)
at org.testng.SuiteRunner.runTest(SuiteRunner.java:455)
at org.testng.SuiteRunner.access$000(SuiteRunner.java:40)
at org.testng.SuiteRunner$SuiteWorker.run(SuiteRunner.java:489)
at org.testng.internal.thread.ThreadUtil$1.call(ThreadUtil.java:52)
at java.base/java.util.concurrent.FutureTask.run(FutureTask.java:264)
at java.base/java.util.concurrent.ThreadPoolExecutor.runWorker(ThreadPoolExecutor.java:1135)
at java.base/java.util.concurrent.ThreadPoolExecutor$Worker.run(ThreadPoolExecutor.java:635)
at java.base/java.lang.Thread.run(Thread.java:844)
]]>
    </error>
  </testcase> <!-- startTest -->
  <testcase classname="com.gi.de.full.testsuites.development.ProductionOrder" name="productionOrderRedirectScreen_External_Sateliite" time="0.000">
    <skipped/>
  </testcase> <!-- productionOrderRedirectScreen_External_Sateliite -->
  <testcase classname="com.gi.de.full.testsuites.development.ProductionOrder" name="productionOrderList_Screen_FilterDate_fields_From" time="0.000">
    <skipped/>
  </testcase> <!-- productionOrderList_Screen_FilterDate_fields_From -->
  <testcase classname="com.gi.de.full.testsuites.development.ProductionOrder" name="productionOrderList_Screen_FilterDate_fields_ValidationMin" time="0.000">
    <skipped/>
  </testcase> <!-- productionOrderList_Screen_FilterDate_fields_ValidationMin -->
  <testcase classname="com.gi.de.full.testsuites.development.ProductionOrder" name="productionOrderList_Screen_SearchBox" time="0.000">
    <skipped/>
  </testcase> <!-- productionOrderList_Screen_SearchBox -->
  <testcase classname="com.gi.de.full.testsuites.development.ProductionOrder" name="productionOrderList_Screen_Production_OrderSTATUS" time="0.000">
    <skipped/>
  </testcase> <!-- productionOrderList_Screen_Production_OrderSTATUS -->
  <testcase classname="com.gi.de.full.testsuites.development.ProductionOrder" name="productionOrderList_Screen_Sales_Order_ID_link" time="0.000">
    <skipped/>
  </testcase> <!-- productionOrderList_Screen_Sales_Order_ID_link -->
  <testcase classname="com.gi.de.full.testsuites.development.ProductionOrder" name="productionOrderList_Screen_FilterDate_fields_Both" time="0.000">
    <skipped/>
  </testcase> <!-- productionOrderList_Screen_FilterDate_fields_Both -->
  <testcase classname="com.gi.de.full.testsuites.development.ProductionOrder" name="productionOrderList_Screen_SearchAnd_Filter" time="0.000">
    <skipped/>
  </testcase> <!-- productionOrderList_Screen_SearchAnd_Filter -->
  <testcase classname="com.gi.de.full.testsuites.development.ProductionOrder" name="productionOrderList_Screen_Filterapply" time="0.000">
    <skipped/>
  </testcase> <!-- productionOrderList_Screen_Filterapply -->
  <testcase classname="com.gi.de.full.testsuites.development.ProductionOrder" name="productionOrderList_Screen_SearchAnd_Filter" time="0.000">
    <skipped/>
  </testcase> <!-- productionOrderList_Screen_SearchAnd_Filter -->
  <testcase classname="com.gi.de.full.testsuites.development.ProductionOrder" name="productionOrderRedirectScreen_Redirectback" time="0.000">
    <skipped/>
  </testcase> <!-- productionOrderRedirectScreen_Redirectback -->
  <testcase classname="com.gi.de.full.testsuites.development.ProductionOrder" name="productionOrderList_Screen_Sales_Order_ID_link" time="0.000">
    <skipped/>
  </testcase> <!-- productionOrderList_Screen_Sales_Order_ID_link -->
  <testcase classname="com.gi.de.full.testsuites.development.ProductionOrder" name="productionOrderList_Screen_FilterClear" time="0.000">
    <skipped/>
  </testcase> <!-- productionOrderList_Screen_FilterClear -->
  <testcase classname="com.gi.de.full.testsuites.development.ProductionOrder" name="productionOrderList_Screen_Action_buttons_Disabled" time="0.000">
    <skipped/>
  </testcase> <!-- productionOrderList_Screen_Action_buttons_Disabled -->
  <testcase classname="com.gi.de.full.testsuites.development.ProductionOrder" name="productionOrderList_Screen_Filter_Status_Field" time="0.000">
    <skipped/>
  </testcase> <!-- productionOrderList_Screen_Filter_Status_Field -->
  <testcase classname="com.gi.de.full.testsuites.development.ProductionOrder" name="ProductionOrderRedirectScreen_SOselection_forRedirect" time="0.000">
    <skipped/>
  </testcase> <!-- ProductionOrderRedirectScreen_SOselection_forRedirect -->
  <testcase classname="com.gi.de.full.testsuites.development.ProductionOrder" name="productionOrderList_Screen_Filter_Status_Field" time="0.000">
    <skipped/>
  </testcase> <!-- productionOrderList_Screen_Filter_Status_Field -->
  <testcase classname="com.gi.de.full.testsuites.development.ProductionOrder" name="productionOrderList_Screen_Action_buttons_Disabled" time="0.000">
    <skipped/>
  </testcase> <!-- productionOrderList_Screen_Action_buttons_Disabled -->
  <testcase classname="com.gi.de.full.testsuites.development.ProductionOrder" name="productionOrderList_Screen_FilterDate_fields_ValidationMax" time="0.000">
    <skipped/>
  </testcase> <!-- productionOrderList_Screen_FilterDate_fields_ValidationMax -->
  <testcase classname="com.gi.de.full.testsuites.development.ProductionOrder" name="productionOrderListScreen_Filtericon" time="0.000">
    <skipped/>
  </testcase> <!-- productionOrderListScreen_Filtericon -->
  <testcase classname="com.gi.de.full.testsuites.development.ProductionOrder" name="productionOrderList_Screen_FilterDate_fields_ValidationMax" time="0.000">
    <skipped/>
  </testcase> <!-- productionOrderList_Screen_FilterDate_fields_ValidationMax -->
  <testcase classname="com.gi.de.full.testsuites.development.ProductionOrder" name="productionOrderList_Screen_SearchBox" time="0.000">
    <skipped/>
  </testcase> <!-- productionOrderList_Screen_SearchBox -->
  <testcase classname="com.gi.de.full.testsuites.development.ProductionOrder" name="ProductionOrderRedirectScreen_SOselection_forRedirect" time="0.000">
    <skipped/>
  </testcase> <!-- ProductionOrderRedirectScreen_SOselection_forRedirect -->
  <testcase classname="com.gi.de.full.testsuites.development.ProductionOrder" name="productionOrderList_Screen_Production_OrderSTATUS" time="0.000">
    <skipped/>
  </testcase> <!-- productionOrderList_Screen_Production_OrderSTATUS -->
  <testcase classname="com.gi.de.full.testsuites.development.ProductionOrder" name="productionOrderList_Screen_Filterpanel" time="0.000">
    <skipped/>
  </testcase> <!-- productionOrderList_Screen_Filterpanel -->
  <testcase classname="com.gi.de.full.testsuites.development.ProductionOrder" name="productionOrderList_Screen_Production_OrderSTATUS" time="0.000">
    <skipped/>
  </testcase> <!-- productionOrderList_Screen_Production_OrderSTATUS -->
  <testcase classname="com.gi.de.full.testsuites.development.ProductionOrder" name="productionOrderRedirectScreen_Different_Client_Manager" time="0.000">
    <skipped/>
  </testcase> <!-- productionOrderRedirectScreen_Different_Client_Manager -->
  <testcase classname="com.gi.de.full.testsuites.development.ProductionOrder" name="productionOrderList_Screen_Contents_display" time="0.000">
    <skipped/>
  </testcase> <!-- productionOrderList_Screen_Contents_display -->
  <testcase classname="com.gi.de.full.testsuites.development.ProductionOrder" name="productionOrderList_Screen_FilterDate_fields_To" time="0.000">
    <skipped/>
  </testcase> <!-- productionOrderList_Screen_FilterDate_fields_To -->
  <testcase classname="com.gi.de.full.testsuites.development.ProductionOrder" name="productionOrderList_Screen_FilterDate_fields_ValidationMax" time="0.000">
    <skipped/>
  </testcase> <!-- productionOrderList_Screen_FilterDate_fields_ValidationMax -->
  <testcase classname="com.gi.de.full.testsuites.development.ProductionOrder" name="productionOrderList_Screen_FilterDate_fields_From" time="0.000">
    <skipped/>
  </testcase> <!-- productionOrderList_Screen_FilterDate_fields_From -->
  <testcase classname="com.gi.de.full.testsuites.development.ProductionOrder" name="production_OrderList_Screen_TagChip" time="0.000">
    <skipped/>
  </testcase> <!-- production_OrderList_Screen_TagChip -->
  <testcase classname="com.gi.de.full.testsuites.development.ProductionOrder" name="productionOrderRedirectScreen_SelctionPOdetail" time="0.000">
    <skipped/>
  </testcase> <!-- productionOrderRedirectScreen_SelctionPOdetail -->
  <testcase classname="com.gi.de.full.testsuites.development.ProductionOrder" name="productionOrderList_Screen_FilterDate_fields_Both" time="0.000">
    <skipped/>
  </testcase> <!-- productionOrderList_Screen_FilterDate_fields_Both -->
  <testcase classname="com.gi.de.full.testsuites.development.ProductionOrder" name="productionOrderRedirectScreen_Redirectback" time="0.000">
    <skipped/>
  </testcase> <!-- productionOrderRedirectScreen_Redirectback -->
  <testcase classname="com.gi.de.full.testsuites.development.ProductionOrder" name="productionOrderList_Screen_FilterDate_fields_From" time="0.000">
    <skipped/>
  </testcase> <!-- productionOrderList_Screen_FilterDate_fields_From -->
  <testcase classname="com.gi.de.full.testsuites.development.ProductionOrder" name="productionOrderRedirectScreen_Redirect_contents" time="0.000">
    <skipped/>
  </testcase> <!-- productionOrderRedirectScreen_Redirect_contents -->
  <testcase classname="com.gi.de.full.testsuites.development.ProductionOrder" name="startTest" time="0.000">
    <error type="java.lang.NullPointerException">
      <![CDATA[java.lang.NullPointerException
at com.gi.de.base.BaseTestCase.startTest(BaseTestCase.java:82)
at java.base/jdk.internal.reflect.NativeMethodAccessorImpl.invoke0(Native Method)
at java.base/jdk.internal.reflect.NativeMethodAccessorImpl.invoke(NativeMethodAccessorImpl.java:62)
at java.base/jdk.internal.reflect.DelegatingMethodAccessorImpl.invoke(DelegatingMethodAccessorImpl.java:43)
at java.base/java.lang.reflect.Method.invoke(Method.java:564)
at org.testng.internal.MethodInvocationHelper.invokeMethod(MethodInvocationHelper.java:124)
at org.testng.internal.MethodInvocationHelper.invokeMethodConsideringTimeout(MethodInvocationHelper.java:59)
at org.testng.internal.Invoker.invokeConfigurationMethod(Invoker.java:458)
at org.testng.internal.Invoker.invokeConfigurations(Invoker.java:222)
at org.testng.internal.Invoker.invokeMethod(Invoker.java:523)
at org.testng.internal.Invoker.invokeTestMethod(Invoker.java:719)
at org.testng.internal.Invoker.invokeTestMethods(Invoker.java:989)
at org.testng.internal.TestMethodWorker.invokeTestMethods(TestMethodWorker.java:125)
at org.testng.internal.TestMethodWorker.run(TestMethodWorker.java:109)
at org.testng.TestRunner.privateRun(TestRunner.java:648)
at org.testng.TestRunner.run(TestRunner.java:505)
at org.testng.SuiteRunner.runTest(SuiteRunner.java:455)
at org.testng.SuiteRunner.access$000(SuiteRunner.java:40)
at org.testng.SuiteRunner$SuiteWorker.run(SuiteRunner.java:489)
at org.testng.internal.thread.ThreadUtil$1.call(ThreadUtil.java:52)
at java.base/java.util.concurrent.FutureTask.run(FutureTask.java:264)
at java.base/java.util.concurrent.ThreadPoolExecutor.runWorker(ThreadPoolExecutor.java:1135)
at java.base/java.util.concurrent.ThreadPoolExecutor$Worker.run(ThreadPoolExecutor.java:635)
at java.base/java.lang.Thread.run(Thread.java:844)
]]>
    </error>
  </testcase> <!-- startTest -->
  <testcase classname="com.gi.de.full.testsuites.development.ProductionOrder" name="productionOrderList_Screen_Filter_Status_Field" time="0.000">
    <skipped/>
  </testcase> <!-- productionOrderList_Screen_Filter_Status_Field -->
  <testcase classname="com.gi.de.full.testsuites.development.ProductionOrder" name="productionOrderRedirectScreen_Different_Client_Manager" time="0.000">
    <skipped/>
  </testcase> <!-- productionOrderRedirectScreen_Different_Client_Manager -->
  <testcase classname="com.gi.de.full.testsuites.development.ProductionOrder" name="productionOrderRedirectScreen_SelctionPOdetail" time="0.000">
    <skipped/>
  </testcase> <!-- productionOrderRedirectScreen_SelctionPOdetail -->
  <testcase classname="com.gi.de.full.testsuites.development.ProductionOrder" name="productionOrderListScreen_Filtericon" time="0.000">
    <skipped/>
  </testcase> <!-- productionOrderListScreen_Filtericon -->
  <testcase classname="com.gi.de.full.testsuites.development.ProductionOrder" name="productionOrderRedirectScreen_Redirectback" time="0.000">
    <skipped/>
  </testcase> <!-- productionOrderRedirectScreen_Redirectback -->
  <testcase classname="com.gi.de.full.testsuites.development.ProductionOrder" name="productionOrderList_Screen_FilterDate_fields_ValidationMin" time="0.000">
    <skipped/>
  </testcase> <!-- productionOrderList_Screen_FilterDate_fields_ValidationMin -->
  <testcase classname="com.gi.de.full.testsuites.development.ProductionOrder" name="productionOrderList_Screen_Pagination" time="0.000">
    <skipped/>
  </testcase> <!-- productionOrderList_Screen_Pagination -->
  <testcase classname="com.gi.de.full.testsuites.development.ProductionOrder" name="productionOrderList_Screen_FilterClear" time="0.000">
    <skipped/>
  </testcase> <!-- productionOrderList_Screen_FilterClear -->
  <testcase classname="com.gi.de.full.testsuites.development.ProductionOrder" name="productionOrderList_Screen_Action_buttons_Enabled" time="0.000">
    <skipped/>
  </testcase> <!-- productionOrderList_Screen_Action_buttons_Enabled -->
  <testcase classname="com.gi.de.full.testsuites.development.ProductionOrder" name="productionOrderList_Screen_Pagination" time="0.000">
    <skipped/>
  </testcase> <!-- productionOrderList_Screen_Pagination -->
  <testcase classname="com.gi.de.full.testsuites.development.ProductionOrder" name="productionOrderList_Screen_SearchAnd_Filter" time="0.000">
    <skipped/>
  </testcase> <!-- productionOrderList_Screen_SearchAnd_Filter -->
  <testcase classname="com.gi.de.full.testsuites.development.ProductionOrder" name="productionOrderRedirectScreen_External_Sateliite" time="0.000">
    <skipped/>
  </testcase> <!-- productionOrderRedirectScreen_External_Sateliite -->
  <testcase classname="com.gi.de.full.testsuites.development.ProductionOrder" name="productionOrderRedirectScreen_SO_Removal" time="0.000">
    <skipped/>
  </testcase> <!-- productionOrderRedirectScreen_SO_Removal -->
  <testcase classname="com.gi.de.full.testsuites.development.ProductionOrder" name="productionOrderRedirectScreen_SO_Removal" time="0.000">
    <skipped/>
  </testcase> <!-- productionOrderRedirectScreen_SO_Removal -->
  <testcase classname="com.gi.de.full.testsuites.development.ProductionOrder" name="productionOrderList_Screen_Filterpanel" time="0.000">
    <skipped/>
  </testcase> <!-- productionOrderList_Screen_Filterpanel -->
  <testcase classname="com.gi.de.full.testsuites.development.ProductionOrder" name="productionOrderRedirectScreen_External_Sateliite" time="0.000">
    <skipped/>
  </testcase> <!-- productionOrderRedirectScreen_External_Sateliite -->
  <testcase classname="com.gi.de.full.testsuites.development.ProductionOrder" name="productionOrderList_Screen_Action_buttons_Enabled" time="0.000">
    <skipped/>
  </testcase> <!-- productionOrderList_Screen_Action_buttons_Enabled -->
  <testcase classname="com.gi.de.full.testsuites.development.ProductionOrder" name="productionOrderListScreen_Filtericon" time="0.000">
    <skipped/>
  </testcase> <!-- productionOrderListScreen_Filtericon -->
  <testcase classname="com.gi.de.full.testsuites.development.ProductionOrder" name="productionOrderList_Screen_SearchBox" time="0.000">
    <skipped/>
  </testcase> <!-- productionOrderList_Screen_SearchBox -->
  <testcase classname="com.gi.de.full.testsuites.development.ProductionOrder" name="productionOrderList_Screen_Contents_display" time="0.000">
    <skipped/>
  </testcase> <!-- productionOrderList_Screen_Contents_display -->
</testsuite> <!-- com.gi.de.full.testsuites.development.ProductionOrder -->
