<?xml version="1.0" encoding="UTF-8"?>
<!-- Generated by org.testng.reporters.JUnitReportReporter -->
<testsuite hostname="XIPL0448" failures="0" tests="1" name="com.xpan.gnd.restServices.RestUtil" time="1.910" errors="0" timestamp="16 May 2018 10:33:41 GMT" skipped="0">
  <testcase classname="com.xpan.gnd.restServices.RestUtil" name="apiPost" time="1.910"/>
</testsuite> <!-- com.xpan.gnd.restServices.RestUtil -->
