<?xml version="1.0" encoding="UTF-8"?>
<!-- Generated by org.testng.reporters.JUnitReportReporter -->
<testsuite hostname="XIPL0448" failures="0" tests="75" name="com.gi.de.full.testsuites.development.SalesOrder" time="14.663" errors="3" timestamp="25 May 2018 12:59:11 GMT" skipped="72">
  <testcase classname="com.gi.de.full.testsuites.development.SalesOrder" name="salesOrderList_Screen_TagChip" time="3.268">
    <skipped/>
  </testcase> <!-- salesOrderList_Screen_TagChip -->
  <testcase classname="com.gi.de.full.testsuites.development.SalesOrder" name="salesOrderRedirectScreen_SelctionSOdetail" time="0.000">
    <skipped/>
  </testcase> <!-- salesOrderRedirectScreen_SelctionSOdetail -->
  <testcase classname="com.gi.de.full.testsuites.development.SalesOrder" name="salesOrderList_Screen_FilterDate_fields_ValidationMax" time="0.000">
    <skipped/>
  </testcase> <!-- salesOrderList_Screen_FilterDate_fields_ValidationMax -->
  <testcase classname="com.gi.de.full.testsuites.development.SalesOrder" name="SalesOrderRedirectScreen_SOselection_forRedirect" time="5.146">
    <skipped/>
  </testcase> <!-- SalesOrderRedirectScreen_SOselection_forRedirect -->
  <testcase classname="com.gi.de.full.testsuites.development.SalesOrder" name="salesOrderList_Screen_Action_buttons_Disabled" time="6.248">
    <skipped/>
  </testcase> <!-- salesOrderList_Screen_Action_buttons_Disabled -->
  <testcase classname="com.gi.de.full.testsuites.development.SalesOrder" name="salesOrderRedirectScreen_Redirectback" time="0.000">
    <skipped/>
  </testcase> <!-- salesOrderRedirectScreen_Redirectback -->
  <testcase classname="com.gi.de.full.testsuites.development.SalesOrder" name="salesOrderList_Screen_Pagination" time="0.000">
    <skipped/>
  </testcase> <!-- salesOrderList_Screen_Pagination -->
  <testcase classname="com.gi.de.full.testsuites.development.SalesOrder" name="salesOrderList_Screen_FilterClear" time="0.000">
    <skipped/>
  </testcase> <!-- salesOrderList_Screen_FilterClear -->
  <testcase classname="com.gi.de.full.testsuites.development.SalesOrder" name="salesOrderList_Screen_Filter_Status_Field" time="0.000">
    <skipped/>
  </testcase> <!-- salesOrderList_Screen_Filter_Status_Field -->
  <testcase classname="com.gi.de.full.testsuites.development.SalesOrder" name="salesOrderRedirectScreen_SelctionSOdetail" time="0.000">
    <skipped/>
  </testcase> <!-- salesOrderRedirectScreen_SelctionSOdetail -->
  <testcase classname="com.gi.de.full.testsuites.development.SalesOrder" name="salesOrderList_Screen_SearchAnd_Filter" time="0.000">
    <skipped/>
  </testcase> <!-- salesOrderList_Screen_SearchAnd_Filter -->
  <testcase classname="com.gi.de.full.testsuites.development.SalesOrder" name="salesOrderRedirectScreen_Redirect_contents" time="0.000">
    <skipped/>
  </testcase> <!-- salesOrderRedirectScreen_Redirect_contents -->
  <testcase classname="com.gi.de.full.testsuites.development.SalesOrder" name="salesOrderList_Screen_SearchBox" time="0.000">
    <skipped/>
  </testcase> <!-- salesOrderList_Screen_SearchBox -->
  <testcase classname="com.gi.de.full.testsuites.development.SalesOrder" name="salesOrderList_Screen_Filterapply" time="0.000">
    <skipped/>
  </testcase> <!-- salesOrderList_Screen_Filterapply -->
  <testcase classname="com.gi.de.full.testsuites.development.SalesOrder" name="salesOrderList_Screen_FilterDate_fields_To" time="0.000">
    <skipped/>
  </testcase> <!-- salesOrderList_Screen_FilterDate_fields_To -->
  <testcase classname="com.gi.de.full.testsuites.development.SalesOrder" name="salesOrderList_Screen_FilterDate_fields_To" time="0.000">
    <skipped/>
  </testcase> <!-- salesOrderList_Screen_FilterDate_fields_To -->
  <testcase classname="com.gi.de.full.testsuites.development.SalesOrder" name="salesOrderRedirectScreen_External_Sateliite" time="0.000">
    <skipped/>
  </testcase> <!-- salesOrderRedirectScreen_External_Sateliite -->
  <testcase classname="com.gi.de.full.testsuites.development.SalesOrder" name="salesOrderList_Screen_Action_buttons_Disabled" time="0.000">
    <skipped/>
  </testcase> <!-- salesOrderList_Screen_Action_buttons_Disabled -->
  <testcase classname="com.gi.de.full.testsuites.development.SalesOrder" name="SalesOrderRedirectScreen_SOselection_forRedirect" time="0.000">
    <skipped/>
  </testcase> <!-- SalesOrderRedirectScreen_SOselection_forRedirect -->
  <testcase classname="com.gi.de.full.testsuites.development.SalesOrder" name="salesOrderList_Screen_FilterDate_fields_ValidationMax" time="0.000">
    <skipped/>
  </testcase> <!-- salesOrderList_Screen_FilterDate_fields_ValidationMax -->
  <testcase classname="com.gi.de.full.testsuites.development.SalesOrder" name="salesOrderRedirectScreen_SO_Removal" time="0.000">
    <skipped/>
  </testcase> <!-- salesOrderRedirectScreen_SO_Removal -->
  <testcase classname="com.gi.de.full.testsuites.development.SalesOrder" name="salesOrderListScreen_Filtericon" time="0.000">
    <skipped/>
  </testcase> <!-- salesOrderListScreen_Filtericon -->
  <testcase classname="com.gi.de.full.testsuites.development.SalesOrder" name="salesOrderList_Screen_Contents_display" time="0.000">
    <skipped/>
  </testcase> <!-- salesOrderList_Screen_Contents_display -->
  <testcase classname="com.gi.de.full.testsuites.development.SalesOrder" name="startTest" time="0.000">
    <error type="java.lang.NullPointerException">
      <![CDATA[java.lang.NullPointerException
at com.gi.de.base.BaseTestCase.startTest(BaseTestCase.java:82)
at java.base/jdk.internal.reflect.NativeMethodAccessorImpl.invoke0(Native Method)
at java.base/jdk.internal.reflect.NativeMethodAccessorImpl.invoke(NativeMethodAccessorImpl.java:62)
at java.base/jdk.internal.reflect.DelegatingMethodAccessorImpl.invoke(DelegatingMethodAccessorImpl.java:43)
at java.base/java.lang.reflect.Method.invoke(Method.java:564)
at org.testng.internal.MethodInvocationHelper.invokeMethod(MethodInvocationHelper.java:124)
at org.testng.internal.MethodInvocationHelper.invokeMethodConsideringTimeout(MethodInvocationHelper.java:59)
at org.testng.internal.Invoker.invokeConfigurationMethod(Invoker.java:458)
at org.testng.internal.Invoker.invokeConfigurations(Invoker.java:222)
at org.testng.internal.Invoker.invokeMethod(Invoker.java:523)
at org.testng.internal.Invoker.invokeTestMethod(Invoker.java:719)
at org.testng.internal.Invoker.invokeTestMethods(Invoker.java:989)
at org.testng.internal.TestMethodWorker.invokeTestMethods(TestMethodWorker.java:125)
at org.testng.internal.TestMethodWorker.run(TestMethodWorker.java:109)
at org.testng.TestRunner.privateRun(TestRunner.java:648)
at org.testng.TestRunner.run(TestRunner.java:505)
at org.testng.SuiteRunner.runTest(SuiteRunner.java:455)
at org.testng.SuiteRunner.access$000(SuiteRunner.java:40)
at org.testng.SuiteRunner$SuiteWorker.run(SuiteRunner.java:489)
at org.testng.internal.thread.ThreadUtil$1.call(ThreadUtil.java:52)
at java.base/java.util.concurrent.FutureTask.run(FutureTask.java:264)
at java.base/java.util.concurrent.ThreadPoolExecutor.runWorker(ThreadPoolExecutor.java:1135)
at java.base/java.util.concurrent.ThreadPoolExecutor$Worker.run(ThreadPoolExecutor.java:635)
at java.base/java.lang.Thread.run(Thread.java:844)
]]>
    </error>
  </testcase> <!-- startTest -->
  <testcase classname="com.gi.de.full.testsuites.development.SalesOrder" name="salesOrderList_Screen_Filterapply" time="0.000">
    <skipped/>
  </testcase> <!-- salesOrderList_Screen_Filterapply -->
  <testcase classname="com.gi.de.full.testsuites.development.SalesOrder" name="salesOrderRedirectScreen_Redirectback" time="0.000">
    <skipped/>
  </testcase> <!-- salesOrderRedirectScreen_Redirectback -->
  <testcase classname="com.gi.de.full.testsuites.development.SalesOrder" name="salesOrderList_Screen_FilterDate_fields_From" time="0.000">
    <skipped/>
  </testcase> <!-- salesOrderList_Screen_FilterDate_fields_From -->
  <testcase classname="com.gi.de.full.testsuites.development.SalesOrder" name="SalesOrderRedirectScreen_SOselection_forRedirect" time="0.000">
    <skipped/>
  </testcase> <!-- SalesOrderRedirectScreen_SOselection_forRedirect -->
  <testcase classname="com.gi.de.full.testsuites.development.SalesOrder" name="salesOrderRedirectScreen_SelctionSOdetail" time="0.000">
    <skipped/>
  </testcase> <!-- salesOrderRedirectScreen_SelctionSOdetail -->
  <testcase classname="com.gi.de.full.testsuites.development.SalesOrder" name="salesOrderRedirectScreen_Redirectback" time="0.000">
    <skipped/>
  </testcase> <!-- salesOrderRedirectScreen_Redirectback -->
  <testcase classname="com.gi.de.full.testsuites.development.SalesOrder" name="salesOrderList_Screen_TagChip" time="0.000">
    <skipped/>
  </testcase> <!-- salesOrderList_Screen_TagChip -->
  <testcase classname="com.gi.de.full.testsuites.development.SalesOrder" name="salesOrderList_Screen_FilterDate_fields_ValidationMin" time="0.000">
    <skipped/>
  </testcase> <!-- salesOrderList_Screen_FilterDate_fields_ValidationMin -->
  <testcase classname="com.gi.de.full.testsuites.development.SalesOrder" name="salesOrderListScreen_Filtericon" time="0.000">
    <skipped/>
  </testcase> <!-- salesOrderListScreen_Filtericon -->
  <testcase classname="com.gi.de.full.testsuites.development.SalesOrder" name="salesOrderList_Screen_Action_buttons_Enabled" time="0.000">
    <skipped/>
  </testcase> <!-- salesOrderList_Screen_Action_buttons_Enabled -->
  <testcase classname="com.gi.de.full.testsuites.development.SalesOrder" name="salesOrderList_Screen_Filterpanel" time="0.000">
    <skipped/>
  </testcase> <!-- salesOrderList_Screen_Filterpanel -->
  <testcase classname="com.gi.de.full.testsuites.development.SalesOrder" name="salesOrderList_Screen_Sales_OrderSTATUS" time="0.000">
    <skipped/>
  </testcase> <!-- salesOrderList_Screen_Sales_OrderSTATUS -->
  <testcase classname="com.gi.de.full.testsuites.development.SalesOrder" name="salesOrderRedirectScreen_External_Sateliite" time="0.000">
    <skipped/>
  </testcase> <!-- salesOrderRedirectScreen_External_Sateliite -->
  <testcase classname="com.gi.de.full.testsuites.development.SalesOrder" name="salesOrderList_Screen_Action_buttons_Enabled" time="0.000">
    <skipped/>
  </testcase> <!-- salesOrderList_Screen_Action_buttons_Enabled -->
  <testcase classname="com.gi.de.full.testsuites.development.SalesOrder" name="salesOrderList_Screen_Filter_Status_Field" time="0.000">
    <skipped/>
  </testcase> <!-- salesOrderList_Screen_Filter_Status_Field -->
  <testcase classname="com.gi.de.full.testsuites.development.SalesOrder" name="salesOrderList_Screen_FilterClear" time="0.000">
    <skipped/>
  </testcase> <!-- salesOrderList_Screen_FilterClear -->
  <testcase classname="com.gi.de.full.testsuites.development.SalesOrder" name="salesOrderList_Screen_FilterDate_fields_ValidationMin" time="0.000">
    <skipped/>
  </testcase> <!-- salesOrderList_Screen_FilterDate_fields_ValidationMin -->
  <testcase classname="com.gi.de.full.testsuites.development.SalesOrder" name="salesOrderList_Screen_Action_buttons_Enabled" time="0.000">
    <skipped/>
  </testcase> <!-- salesOrderList_Screen_Action_buttons_Enabled -->
  <testcase classname="com.gi.de.full.testsuites.development.SalesOrder" name="salesOrderList_Screen_FilterDate_fields_Both" time="0.000">
    <skipped/>
  </testcase> <!-- salesOrderList_Screen_FilterDate_fields_Both -->
  <testcase classname="com.gi.de.full.testsuites.development.SalesOrder" name="startTest" time="0.001">
    <error type="java.lang.NullPointerException">
      <![CDATA[java.lang.NullPointerException
at com.gi.de.base.BaseTestCase.startTest(BaseTestCase.java:82)
at java.base/jdk.internal.reflect.NativeMethodAccessorImpl.invoke0(Native Method)
at java.base/jdk.internal.reflect.NativeMethodAccessorImpl.invoke(NativeMethodAccessorImpl.java:62)
at java.base/jdk.internal.reflect.DelegatingMethodAccessorImpl.invoke(DelegatingMethodAccessorImpl.java:43)
at java.base/java.lang.reflect.Method.invoke(Method.java:564)
at org.testng.internal.MethodInvocationHelper.invokeMethod(MethodInvocationHelper.java:124)
at org.testng.internal.MethodInvocationHelper.invokeMethodConsideringTimeout(MethodInvocationHelper.java:59)
at org.testng.internal.Invoker.invokeConfigurationMethod(Invoker.java:458)
at org.testng.internal.Invoker.invokeConfigurations(Invoker.java:222)
at org.testng.internal.Invoker.invokeMethod(Invoker.java:523)
at org.testng.internal.Invoker.invokeTestMethod(Invoker.java:719)
at org.testng.internal.Invoker.invokeTestMethods(Invoker.java:989)
at org.testng.internal.TestMethodWorker.invokeTestMethods(TestMethodWorker.java:125)
at org.testng.internal.TestMethodWorker.run(TestMethodWorker.java:109)
at org.testng.TestRunner.privateRun(TestRunner.java:648)
at org.testng.TestRunner.run(TestRunner.java:505)
at org.testng.SuiteRunner.runTest(SuiteRunner.java:455)
at org.testng.SuiteRunner.access$000(SuiteRunner.java:40)
at org.testng.SuiteRunner$SuiteWorker.run(SuiteRunner.java:489)
at org.testng.internal.thread.ThreadUtil$1.call(ThreadUtil.java:52)
at java.base/java.util.concurrent.FutureTask.run(FutureTask.java:264)
at java.base/java.util.concurrent.ThreadPoolExecutor.runWorker(ThreadPoolExecutor.java:1135)
at java.base/java.util.concurrent.ThreadPoolExecutor$Worker.run(ThreadPoolExecutor.java:635)
at java.base/java.lang.Thread.run(Thread.java:844)
]]>
    </error>
  </testcase> <!-- startTest -->
  <testcase classname="com.gi.de.full.testsuites.development.SalesOrder" name="salesOrderList_Screen_Contents_display" time="0.000">
    <skipped/>
  </testcase> <!-- salesOrderList_Screen_Contents_display -->
  <testcase classname="com.gi.de.full.testsuites.development.SalesOrder" name="salesOrderList_Screen_FilterDate_fields_Both" time="0.000">
    <skipped/>
  </testcase> <!-- salesOrderList_Screen_FilterDate_fields_Both -->
  <testcase classname="com.gi.de.full.testsuites.development.SalesOrder" name="salesOrderList_Screen_Contents_display" time="0.000">
    <skipped/>
  </testcase> <!-- salesOrderList_Screen_Contents_display -->
  <testcase classname="com.gi.de.full.testsuites.development.SalesOrder" name="salesOrderList_Screen_SearchAnd_Filter" time="0.000">
    <skipped/>
  </testcase> <!-- salesOrderList_Screen_SearchAnd_Filter -->
  <testcase classname="com.gi.de.full.testsuites.development.SalesOrder" name="salesOrderList_Screen_TagChip" time="0.000">
    <skipped/>
  </testcase> <!-- salesOrderList_Screen_TagChip -->
  <testcase classname="com.gi.de.full.testsuites.development.SalesOrder" name="salesOrderList_Screen_Filterpanel" time="0.000">
    <skipped/>
  </testcase> <!-- salesOrderList_Screen_Filterpanel -->
  <testcase classname="com.gi.de.full.testsuites.development.SalesOrder" name="salesOrderList_Screen_SearchBox" time="0.000">
    <skipped/>
  </testcase> <!-- salesOrderList_Screen_SearchBox -->
  <testcase classname="com.gi.de.full.testsuites.development.SalesOrder" name="salesOrderList_Screen_Sales_OrderSTATUS" time="0.000">
    <skipped/>
  </testcase> <!-- salesOrderList_Screen_Sales_OrderSTATUS -->
  <testcase classname="com.gi.de.full.testsuites.development.SalesOrder" name="salesOrderRedirectScreen_SO_Removal" time="0.000">
    <skipped/>
  </testcase> <!-- salesOrderRedirectScreen_SO_Removal -->
  <testcase classname="com.gi.de.full.testsuites.development.SalesOrder" name="startTest" time="0.000">
    <error type="java.lang.NullPointerException">
      <![CDATA[java.lang.NullPointerException
at com.gi.de.base.BaseTestCase.startTest(BaseTestCase.java:82)
at java.base/jdk.internal.reflect.NativeMethodAccessorImpl.invoke0(Native Method)
at java.base/jdk.internal.reflect.NativeMethodAccessorImpl.invoke(NativeMethodAccessorImpl.java:62)
at java.base/jdk.internal.reflect.DelegatingMethodAccessorImpl.invoke(DelegatingMethodAccessorImpl.java:43)
at java.base/java.lang.reflect.Method.invoke(Method.java:564)
at org.testng.internal.MethodInvocationHelper.invokeMethod(MethodInvocationHelper.java:124)
at org.testng.internal.MethodInvocationHelper.invokeMethodConsideringTimeout(MethodInvocationHelper.java:59)
at org.testng.internal.Invoker.invokeConfigurationMethod(Invoker.java:458)
at org.testng.internal.Invoker.invokeConfigurations(Invoker.java:222)
at org.testng.internal.Invoker.invokeMethod(Invoker.java:523)
at org.testng.internal.Invoker.invokeTestMethod(Invoker.java:719)
at org.testng.internal.Invoker.invokeTestMethods(Invoker.java:989)
at org.testng.internal.TestMethodWorker.invokeTestMethods(TestMethodWorker.java:125)
at org.testng.internal.TestMethodWorker.run(TestMethodWorker.java:109)
at org.testng.TestRunner.privateRun(TestRunner.java:648)
at org.testng.TestRunner.run(TestRunner.java:505)
at org.testng.SuiteRunner.runTest(SuiteRunner.java:455)
at org.testng.SuiteRunner.access$000(SuiteRunner.java:40)
at org.testng.SuiteRunner$SuiteWorker.run(SuiteRunner.java:489)
at org.testng.internal.thread.ThreadUtil$1.call(ThreadUtil.java:52)
at java.base/java.util.concurrent.FutureTask.run(FutureTask.java:264)
at java.base/java.util.concurrent.ThreadPoolExecutor.runWorker(ThreadPoolExecutor.java:1135)
at java.base/java.util.concurrent.ThreadPoolExecutor$Worker.run(ThreadPoolExecutor.java:635)
at java.base/java.lang.Thread.run(Thread.java:844)
]]>
    </error>
  </testcase> <!-- startTest -->
  <testcase classname="com.gi.de.full.testsuites.development.SalesOrder" name="salesOrderList_Screen_Filterapply" time="0.000">
    <skipped/>
  </testcase> <!-- salesOrderList_Screen_Filterapply -->
  <testcase classname="com.gi.de.full.testsuites.development.SalesOrder" name="salesOrderList_Screen_FilterClear" time="0.000">
    <skipped/>
  </testcase> <!-- salesOrderList_Screen_FilterClear -->
  <testcase classname="com.gi.de.full.testsuites.development.SalesOrder" name="salesOrderList_Screen_FilterDate_fields_To" time="0.000">
    <skipped/>
  </testcase> <!-- salesOrderList_Screen_FilterDate_fields_To -->
  <testcase classname="com.gi.de.full.testsuites.development.SalesOrder" name="salesOrderList_Screen_Action_buttons_Disabled" time="0.000">
    <skipped/>
  </testcase> <!-- salesOrderList_Screen_Action_buttons_Disabled -->
  <testcase classname="com.gi.de.full.testsuites.development.SalesOrder" name="salesOrderList_Screen_SearchBox" time="0.000">
    <skipped/>
  </testcase> <!-- salesOrderList_Screen_SearchBox -->
  <testcase classname="com.gi.de.full.testsuites.development.SalesOrder" name="salesOrderList_Screen_Filterpanel" time="0.000">
    <skipped/>
  </testcase> <!-- salesOrderList_Screen_Filterpanel -->
  <testcase classname="com.gi.de.full.testsuites.development.SalesOrder" name="salesOrderList_Screen_Sales_OrderSTATUS" time="0.000">
    <skipped/>
  </testcase> <!-- salesOrderList_Screen_Sales_OrderSTATUS -->
  <testcase classname="com.gi.de.full.testsuites.development.SalesOrder" name="salesOrderList_Screen_Pagination" time="0.000">
    <skipped/>
  </testcase> <!-- salesOrderList_Screen_Pagination -->
  <testcase classname="com.gi.de.full.testsuites.development.SalesOrder" name="salesOrderRedirectScreen_SO_Removal" time="0.000">
    <skipped/>
  </testcase> <!-- salesOrderRedirectScreen_SO_Removal -->
  <testcase classname="com.gi.de.full.testsuites.development.SalesOrder" name="salesOrderList_Screen_SearchAnd_Filter" time="0.000">
    <skipped/>
  </testcase> <!-- salesOrderList_Screen_SearchAnd_Filter -->
  <testcase classname="com.gi.de.full.testsuites.development.SalesOrder" name="salesOrderRedirectScreen_External_Sateliite" time="0.000">
    <skipped/>
  </testcase> <!-- salesOrderRedirectScreen_External_Sateliite -->
  <testcase classname="com.gi.de.full.testsuites.development.SalesOrder" name="salesOrderRedirectScreen_Redirect_contents" time="0.000">
    <skipped/>
  </testcase> <!-- salesOrderRedirectScreen_Redirect_contents -->
  <testcase classname="com.gi.de.full.testsuites.development.SalesOrder" name="salesOrderList_Screen_FilterDate_fields_From" time="0.000">
    <skipped/>
  </testcase> <!-- salesOrderList_Screen_FilterDate_fields_From -->
  <testcase classname="com.gi.de.full.testsuites.development.SalesOrder" name="salesOrderList_Screen_FilterDate_fields_From" time="0.000">
    <skipped/>
  </testcase> <!-- salesOrderList_Screen_FilterDate_fields_From -->
  <testcase classname="com.gi.de.full.testsuites.development.SalesOrder" name="salesOrderList_Screen_Filter_Status_Field" time="0.000">
    <skipped/>
  </testcase> <!-- salesOrderList_Screen_Filter_Status_Field -->
  <testcase classname="com.gi.de.full.testsuites.development.SalesOrder" name="salesOrderRedirectScreen_Redirect_contents" time="0.000">
    <skipped/>
  </testcase> <!-- salesOrderRedirectScreen_Redirect_contents -->
  <testcase classname="com.gi.de.full.testsuites.development.SalesOrder" name="salesOrderListScreen_Filtericon" time="0.000">
    <skipped/>
  </testcase> <!-- salesOrderListScreen_Filtericon -->
  <testcase classname="com.gi.de.full.testsuites.development.SalesOrder" name="salesOrderList_Screen_FilterDate_fields_Both" time="0.000">
    <skipped/>
  </testcase> <!-- salesOrderList_Screen_FilterDate_fields_Both -->
  <testcase classname="com.gi.de.full.testsuites.development.SalesOrder" name="salesOrderList_Screen_FilterDate_fields_ValidationMin" time="0.000">
    <skipped/>
  </testcase> <!-- salesOrderList_Screen_FilterDate_fields_ValidationMin -->
  <testcase classname="com.gi.de.full.testsuites.development.SalesOrder" name="salesOrderList_Screen_FilterDate_fields_ValidationMax" time="0.000">
    <skipped/>
  </testcase> <!-- salesOrderList_Screen_FilterDate_fields_ValidationMax -->
  <testcase classname="com.gi.de.full.testsuites.development.SalesOrder" name="salesOrderList_Screen_Pagination" time="0.000">
    <skipped/>
  </testcase> <!-- salesOrderList_Screen_Pagination -->
</testsuite> <!-- com.gi.de.full.testsuites.development.SalesOrder -->
