<?xml version="1.0" encoding="UTF-8"?>
<!-- Generated by org.testng.reporters.JUnitReportReporter -->
<testsuite hostname="XIPL0448" failures="0" tests="9" name="com.gi.de.full.testsuites.development.Login2" time="21.641" errors="0" timestamp="25 May 2018 13:27:01 GMT" skipped="6">
  <testcase classname="com.gi.de.full.testsuites.development.Login2" name="LoginScreen_ApplicationUrl1" time="7.578"/>
  <testcase classname="com.gi.de.full.testsuites.development.Login2" name="LoginScreen_ApplicationUrl1" time="4.642"/>
  <testcase classname="com.gi.de.full.testsuites.development.Login2" name="LoginScreen_ApplicationUrl1" time="9.421"/>
  <testcase classname="com.gi.de.full.testsuites.development.Login2" name="loginScreen_ValidUser_ProductionStaff1">
    <skipped/>
  </testcase> <!-- loginScreen_ValidUser_ProductionStaff1 -->
  <testcase classname="com.gi.de.full.testsuites.development.Login2" name="loginScreen_ValidUser_OperationManager1">
    <skipped/>
  </testcase> <!-- loginScreen_ValidUser_OperationManager1 -->
  <testcase classname="com.gi.de.full.testsuites.development.Login2" name="loginScreen_ValidUser_ProductionStaff1">
    <skipped/>
  </testcase> <!-- loginScreen_ValidUser_ProductionStaff1 -->
  <testcase classname="com.gi.de.full.testsuites.development.Login2" name="loginScreen_ValidUser_OperationManager1">
    <skipped/>
  </testcase> <!-- loginScreen_ValidUser_OperationManager1 -->
  <testcase classname="com.gi.de.full.testsuites.development.Login2" name="loginScreen_ValidUser_ProductionStaff1">
    <skipped/>
  </testcase> <!-- loginScreen_ValidUser_ProductionStaff1 -->
  <testcase classname="com.gi.de.full.testsuites.development.Login2" name="loginScreen_ValidUser_OperationManager1">
    <skipped/>
  </testcase> <!-- loginScreen_ValidUser_OperationManager1 -->
</testsuite> <!-- com.gi.de.full.testsuites.development.Login2 -->
