<?xml version="1.0" encoding="UTF-8"?>
<!-- Generated by org.testng.reporters.JUnitReportReporter -->
<testsuite hostname="XIPL0448" failures="0" tests="1" name="com.xpan.gnd.full.testsuites.development.SalesOrder" time="19.980" errors="0" timestamp="25 May 2018 09:08:21 GMT" skipped="0">
  <testcase classname="com.xpan.gnd.full.testsuites.development.SalesOrder" name="salesOrderList_Screen_Filterpanel" time="19.980"/>
</testsuite> <!-- com.xpan.gnd.full.testsuites.development.SalesOrder -->
